<?xml version="1.0" encoding="UTF-8"?>
<!-- Generated by org.testng.reporters.JUnitReportReporter -->
<testsuite hostname="DESKTOP-HIN4ESK" failures="0" tests="1" name="ProjectDMAS.ProjectDMAS" time="1.469" errors="0" timestamp="2024-08-26T09:10:09 IST" skipped="0">
  <testcase classname="ProjectDMAS.ProjectDMAS" name="function" time="1.469"/>
</testsuite> <!-- ProjectDMAS.ProjectDMAS -->
